<?xml version="1.0" encoding="UTF-8" ?>
<testsuite failures="1" time="0.078" errors="0" skipped="0" tests="11" name="test.obvious.impl.ImplTableTest">
  <properties>
[...]
</properties>
  <testcase time="0.016" classname="test.obvious.impl.ImplTableTest" name="testSet"/>
  <testcase time="0" classname="test.obvious.impl.ImplTableTest" name="testGetRowCount"/>
  <testcase time="0" classname="test.obvious.impl.ImplTableTest" name="testIsValidRow"/>
  <testcase time="0" classname="test.obvious.impl.ImplTableTest" name="isValueValid"/>
  <testcase time="0" classname="test.obvious.impl.ImplTableTest" name="testGetValue"/>
  <testcase time="0" classname="test.obvious.impl.ImplTableTest" name="testAddRow"/>
  <testcase time="0" classname="test.obvious.impl.ImplTableTest" name="testRemoveRow">
    <failure message="" type="java.lang.AssertionError">java.lang.AssertionError: 
	at org.junit.Assert.fail(Assert.java:91)
	at org.junit.Assert.assertTrue(Assert.java:43)
	at org.junit.Assert.assertFalse(Assert.java:68)
	at org.junit.Assert.assertFalse(Assert.java:79)
	at test.obvious.data.TableTest.testRemoveRow(TableTest.java:178)
	at sun.reflect.NativeMethodAccessorImpl.invoke0(Native Method)
	at sun.reflect.NativeMethodAccessorImpl.invoke(NativeMethodAccessorImpl.java:39)
	at sun.reflect.DelegatingMethodAccessorImpl.invoke(DelegatingMethodAccessorImpl.java:25)
	at java.lang.reflect.Method.invoke(Method.java:597)
	at org.junit.runners.model.FrameworkMethod$1.runReflectiveCall(FrameworkMethod.java:44)
	at org.junit.internal.runners.model.ReflectiveCallable.run(ReflectiveCallable.java:15)
	at org.junit.runners.model.FrameworkMethod.invokeExplosively(FrameworkMethod.java:41)
	at org.junit.internal.runners.statements.InvokeMethod.evaluate(InvokeMethod.java:20)
	at org.junit.internal.runners.statements.RunBefores.evaluate(RunBefores.java:28)
	at org.junit.internal.runners.statements.RunAfters.evaluate(RunAfters.java:31)
	at org.junit.runners.BlockJUnit4ClassRunner.runChild(BlockJUnit4ClassRunner.java:76)
	at org.junit.runners.BlockJUnit4ClassRunner.runChild(BlockJUnit4ClassRunner.java:50)
	at org.junit.runners.ParentRunner$3.run(ParentRunner.java:193)
	at org.junit.runners.ParentRunner$1.schedule(ParentRunner.java:52)
	at org.junit.runners.ParentRunner.runChildren(ParentRunner.java:191)
	at org.junit.runners.ParentRunner.access$000(ParentRunner.java:42)
	at org.junit.runners.ParentRunner$2.evaluate(ParentRunner.java:184)
	at org.junit.runners.ParentRunner.run(ParentRunner.java:236)
	at org.apache.maven.surefire.junit4.JUnit4TestSet.execute(JUnit4TestSet.java:62)
	at org.apache.maven.surefire.suite.AbstractDirectoryTestSuite.executeTestSet(AbstractDirectoryTestSuite.java:140)
	at org.apache.maven.surefire.suite.AbstractDirectoryTestSuite.execute(AbstractDirectoryTestSuite.java:127)
	at org.apache.maven.surefire.Surefire.run(Surefire.java:177)
	at sun.reflect.NativeMethodAccessorImpl.invoke0(Native Method)
	at sun.reflect.NativeMethodAccessorImpl.invoke(NativeMethodAccessorImpl.java:39)
	at sun.reflect.DelegatingMethodAccessorImpl.invoke(DelegatingMethodAccessorImpl.java:25)
	at java.lang.reflect.Method.invoke(Method.java:597)
	at org.apache.maven.surefire.booter.SurefireBooter.runSuitesInProcess(SurefireBooter.java:338)
	at org.apache.maven.surefire.booter.SurefireBooter.main(SurefireBooter.java:997)
</failure>
  </testcase>
  <testcase time="0" classname="test.obvious.impl.ImplTableTest" name="removeAllRows"/>
  <testcase time="0" classname="test.obvious.impl.ImplTableTest" name="testCanRemoveRow"/>
  <testcase time="0.016" classname="test.obvious.impl.ImplTableTest" name="testCanAddRow"/>
  <testcase time="0" classname="test.obvious.impl.ImplTableTest" name="testRowIterator"/>
</testsuite>